{"/home/ubuntu/workspace/reducer-generator-object-map/src/main.js": {"path":"/home/ubuntu/workspace/reducer-generator-object-map/src/main.js","statementMap":{"0":{"start":{"line":2,"column":4},"end":{"line":10,"column":12}},"1":{"start":{"line":3,"column":6},"end":{"line":10,"column":11}}},"fnMap":{"0":{"name":"createObjectMapReducer","decl":{"start":{"line":1,"column":24},"end":{"line":1,"column":46}},"loc":{"start":{"line":1,"column":92},"end":{"line":10,"column":13}},"line":1},"1":{"name":"(anonymous_1)","decl":{"start":{"line":2,"column":11},"end":{"line":2,"column":12}},"loc":{"start":{"line":3,"column":6},"end":{"line":10,"column":11}},"line":3}},"branchMap":{"0":{"loc":{"start":{"line":1,"column":61},"end":{"line":1,"column":74}},"type":"default-arg","locations":[{"start":{"line":1,"column":72},"end":{"line":1,"column":74}}],"line":1},"1":{"loc":{"start":{"line":2,"column":12},"end":{"line":2,"column":32}},"type":"default-arg","locations":[{"start":{"line":2,"column":20},"end":{"line":2,"column":32}}],"line":2},"2":{"loc":{"start":{"line":3,"column":6},"end":{"line":10,"column":11}},"type":"cond-expr","locations":[{"start":{"line":4,"column":10},"end":{"line":4,"column":15}},{"start":{"line":5,"column":10},"end":{"line":10,"column":11}}],"line":3},"3":{"loc":{"start":{"line":3,"column":6},"end":{"line":3,"column":78}},"type":"binary-expr","locations":[{"start":{"line":3,"column":6},"end":{"line":3,"column":14}},{"start":{"line":3,"column":18},"end":{"line":3,"column":31}},{"start":{"line":3,"column":35},"end":{"line":3,"column":78}}],"line":3}},"s":{"0":3,"1":4},"f":{"0":3,"1":4},"b":{"0":[0],"1":[3],"2":[2,2],"3":[4,4,4]},"_coverageSchema":"332fd63041d2c1bcb487cc26dd0d5f7d97098a6c","hash":"2e302ca5b283c626aff1205f6eacd63008ce6da8","contentHash":"b15549924cf6fc363ea421b4b1b14429_11.0.2"}
}
